2019/10/09 04:35:28: teste.1234 foi bloqueado por Willian
2019/10/09 05:32:03: teste.1234 foi liberado por Willian
2019/10/09 05:35:08: teste.1234 foi liberado por Willian
2019/10/09 05:35:22: teste foi bloqueado por Willian
2019/10/09 05:55:19: teste.1234 foi bloqueado por Willian
2019/10/09 13:48:18: teste.123 foi bloqueado por Willian
2019/10/09 13:53:44: teste.123 foi liberado por Willian
2019/10/09 13:56:42: 123 foi liberado por Willian
2019/10/09 13:56:48: 123 foi bloqueado por Willian
2019/10/09 13:56:51: 123 foi reiniciado por Willian
2019/10/10 12:56:12: teste.123 foi bloqueado por
2019/10/10 12:56:14: teste.123 foi liberado por
2019/10/10 12:56:18: 123 foi liberado por
2019/10/10 12:56:19: 123 foi bloqueado por
2019/10/10 12:56:20: 123 foi reiniciado por
2019/10/10 12:56:25: teste.123 foi bloqueado por
2019/10/10 12:56:26: teste.123 foi reiniciado por
2019/10/10 12:56:28: teste.123 foi liberado por
2019/10/10 14:01:34: teste.123 foi reiniciado por Willian
2019/10/10 14:02:19: teste.123 foi reiniciado por Willian
2019/10/10 14:03:08: teste.123 foi reiniciado por Willian
2019/10/10 14:03:37: teste.123 foi reiniciado por Willian
2019/10/10 14:03:45: teste.123 foi liberado por Willian
2019/10/10 14:20:56: teste.123 foi liberado por Willian
2019/10/10 14:23:40: teste.123 foi liberado por Willian
2019/10/10 14:25:26: teste.123 foi liberado por Willian
2019/10/10 14:27:23: teste.123 foi liberado por Willian
2019/10/10 14:28:38: teste.123 foi liberado por Willian
2019/10/10 14:29:47: teste.123 foi liberado por Willian
2019/10/10 18:10:15: teste.123 foi bloqueado por Willian
2019/10/10 18:12:26: teste.123 foi bloqueado por Willian
2019/10/10 18:16:04: teste.123 foi bloqueado por Willian
2019/10/10 17:52:08: teste.123 foi bloqueado por Willian
2019/10/10 17:52:10: localhost:8282/painel/provedor/mkauth/cliente/liberado/willian.0382 por Willian
2019/10/10 17:55:45: por Willian
2019/10/10 17:55:47: por Willian
2019/10/10 17:57:43: por Willian
2019/10/10 17:57:45: por Willian
2019/10/10 18:02:07: por Willian
2019/10/10 18:02:09: por Willian
2019/10/10 18:03:55: por Willian
2019/10/10 18:03:57: por Willian
2019/10/10 18:04:46: por Willian
2019/10/10 18:04:48: por Willian
2019/10/10 18:04:49: por Willian
2019/10/10 18:04:51: por Willian
2019/10/10 18:05:18: por Willian
2019/10/10 18:05:20: por Willian
2019/10/10 18:05:21: por Willian
2019/10/10 18:05:23: por Willian
2019/10/10 19:52:54: por Willian
2019/10/10 19:52:55: por Willian
2019/10/10 19:52:57: por Willian
2019/10/10 19:52:58: por Willian
2019/10/10 20:04:08: por Willian
2019/10/10 20:04:09: por Willian
2019/10/10 20:04:10: por Willian
2019/10/10 20:04:12: por Willian
2019/10/10 20:05:23: por Willian
2019/10/10 20:05:24: por Willian
2019/10/10 20:05:27: por Willian
2019/10/10 20:05:28: por Willian
2019/10/10 20:06:00: por Willian
2019/10/10 20:06:02: por Willian
2019/10/10 20:06:04: por Willian
2019/10/10 20:06:05: por Willian
2019/10/10 20:08:04: por Willian
2019/10/10 20:08:05: por Willian
2019/10/10 20:08:06: por Willian
2019/10/10 20:08:07: por Willian
2019/10/10 20:09:33: por Willian
2019/10/10 20:13:38: por Willian
2019/10/10 20:13:40: por Willian
2019/10/10 20:13:42: por Willian
2019/10/10 20:13:43: por Willian
2019/10/10 20:13:45: por Willian
2019/10/10 20:13:47: por Willian
2019/10/10 20:13:48: teste.123 foi reiniciado por Willian
2019/10/10 20:14:35: Array por Willian
2019/10/10 20:14:36: Array por Willian
2019/10/10 20:14:38: Array por Willian
2019/10/10 20:14:39: Array por Willian
2019/10/10 20:15:41: Array por Willian
2019/10/10 20:15:42: Array por Willian
2019/10/10 20:15:43: Array por Willian
2019/10/10 20:15:45: Array por Willian
2019/10/10 20:16:29: por Willian
2019/10/10 20:16:30: Array por Willian
2019/10/10 20:16:31: por Willian
2019/10/10 20:16:32: Array por Willian
2019/10/10 20:16:34: por Willian
2019/10/10 20:16:35: Array por Willian
2019/10/10 20:17:18: por Willian
2019/10/10 20:17:19: por Willian
2019/10/10 20:20:25: por Willian
2019/10/10 20:20:26: por Willian
2019/10/10 20:20:27: por Willian
2019/10/10 20:20:28: por Willian
2019/10/10 20:20:29: por Willian
2019/10/10 20:22:51: por Willian
2019/10/10 20:22:52: por Willian
2019/10/10 20:22:53: por Willian
2019/10/10 20:24:15: por Willian
2019/10/10 20:24:16: por Willian
2019/10/10 20:28:11: por Willian
2019/10/10 20:28:12: por Willian
2019/10/10 20:28:13: por Willian
2019/10/10 20:28:14: por Willian
2019/10/10 20:28:16: por Willian
2019/10/10 20:28:17: por Willian
2019/10/10 20:28:18: teste.123 foi reiniciado por Willian
2019/10/10 20:29:16: Array por Willian
2019/10/10 20:29:18: Array por Willian
2019/10/10 20:29:20: Array por Willian
2019/10/10 20:29:21: Array por Willian
2019/10/10 20:29:51: Array por Willian
2019/10/10 20:29:52: Array por Willian
2019/10/10 20:29:53: Array por Willian
2019/10/10 20:29:55: Array por Willian
2019/10/10 20:29:56: Array por Willian
2019/10/10 20:29:57: Array por Willian
2019/10/10 20:29:59: teste.123 foi reiniciado por Willian
2019/10/10 20:31:23: Array por Willian
2019/10/10 20:31:24: Array por Willian
2019/10/10 20:31:26: Array por Willian
2019/10/10 20:34:01: teste.123 por Willian
2019/10/10 20:34:03: willian.0382 por Willian
2019/10/10 20:34:04: willian.0382 por Willian
2019/10/10 20:34:05: willian.0382 por Willian
2019/10/10 20:34:06: teste.123 por Willian
2019/10/10 20:34:08: teste.123 por Willian
2019/10/10 20:34:09: teste.123 foi reiniciado por Willian
2019/10/10 20:35:12: por Willian
2019/10/10 20:35:13: por Willian
2019/10/10 20:38:41: por Willian
2019/10/10 20:38:42: por Willian
2019/10/11 09:03:13: Array por Willian
2019/10/11 09:03:14: Array por Willian
2019/10/11 09:03:16: Array por Willian
2019/10/11 09:03:17: Array por Willian
2019/10/11 09:03:19: Array por Willian
2019/10/11 09:03:20: Array por Willian
2019/10/11 09:03:22: teste.123 foi reiniciado por Willian
2019/10/11 09:08:19: Array por Willian
2019/10/11 09:08:20: Array por Willian
2019/10/11 09:08:22: Array por Willian
2019/10/11 09:11:40: Array por Willian
2019/10/11 09:11:42: Array por Willian
2019/10/11 09:11:43: Array por Willian
2019/10/11 09:11:44: Array por Willian
2019/10/11 09:15:57: Array por Willian
2019/10/11 09:15:58: Array por Willian
2019/10/11 09:16:00: Array por Willian
2019/10/11 09:16:01: Array por Willian
2019/10/11 09:16:03: Array por Willian
2019/10/11 09:16:05: Array por Willian
2019/10/11 09:20:14: O cliente: teste.123 não foi encontrado no MkAuth por Willian
2019/10/11 09:20:15: O cliente: willian.0382 ja esta liberado! por Willian
2019/10/11 09:20:16: Cliente willian.0382 bloqueado com sucesso por Willian
2019/10/11 09:20:18: Cliente willian.0382 liberado com sucesso por Willian
2019/10/11 09:20:19: O cliente: teste.123 não foi encontrado no MkAuth por Willian
2019/10/11 09:20:20: O cliente: teste.123 não foi encontrado no MkAuth por Willian
2019/10/11 09:20:22: teste.123 foi reiniciado por Willian
2019/10/11 09:20:23: Cliente valdenir.0043 liberado com sucesso por Willian
2019/10/11 09:23:29: por Willian
2019/10/11 09:23:31: por Willian
2019/10/11 09:23:32: por Willian
2019/10/11 09:23:33: por Willian
2019/10/11 09:23:35: por Willian
2019/10/11 09:23:36: por Willian
2019/10/11 09:23:37: teste.123 foi reiniciado por Willian
2019/10/11 09:23:39: por Willian
2019/10/11 09:23:40: por Willian
2019/10/11 09:24:54: por Willian
2019/10/11 09:24:56: por Willian
2019/10/11 09:25:47: por Willian
2019/10/11 09:25:48: por Willian
2019/10/11 09:25:50: por Willian
2019/10/11 09:25:51: por Willian
2019/10/11 09:28:49: por Willian
2019/10/11 09:28:52: por Willian
2019/10/11 09:28:53: por Willian
2019/10/11 09:29:58: por Willian
2019/10/11 09:29:59: por Willian
2019/10/11 09:30:00: por Willian
2019/10/11 09:34:08: por Willian
2019/10/11 09:34:10: por Willian
2019/10/11 09:34:16: por Willian
2019/10/11 09:34:18: por Willian
2019/10/11 09:34:19: por Willian
2019/10/11 09:34:20: por Willian
2019/10/11 09:34:21: teste.123 foi reiniciado por Willian
2019/10/11 09:34:22: por Willian
2019/10/11 09:34:24: por Willian
2019/10/11 09:36:12: por Willian
2019/10/11 09:36:14: por Willian
2019/10/11 09:36:16: por Willian
2019/10/11 09:38:16: por Willian
2019/10/11 09:38:17: Nada a ser feito por Willian
2019/10/11 09:38:18: por Willian
2019/10/11 09:38:20: Nada a ser feito por Willian
2019/10/11 09:38:21: por Willian
2019/10/11 09:38:22: Nada a ser feito por Willian
2019/10/11 09:38:24: teste.123 foi reiniciado por Willian
2019/10/11 09:38:25: Nada a ser feito por Willian
2019/10/11 09:39:23: Nada a ser feito por Willian
2019/10/11 09:39:24: Nada a ser feito por Willian
2019/10/11 09:39:26: Nada a ser feito por Willian
2019/10/11 09:39:28: Nada a ser feito por Willian
2019/10/11 09:39:29: Nada a ser feito por Willian
2019/10/11 09:39:31: Nada a ser feito por Willian
2019/10/11 09:39:32: teste.123 foi reiniciado por Willian
2019/10/11 09:39:33: Nada a ser feito por Willian
2019/10/11 09:39:35: Nada a ser feito por Willian
2019/10/11 09:40:15: Nada a ser feito por Willian
2019/10/11 09:40:18: Nada a ser feito por Willian
2019/10/11 09:40:20: Nada a ser feito por Willian
2019/10/11 09:40:21: Nada a ser feito por Willian
2019/10/11 09:40:23: Nada a ser feito por Willian
2019/10/11 09:40:25: Nada a ser feito por Willian
2019/10/11 09:40:26: teste.123 foi reiniciado por Willian
2019/10/11 09:40:28: Nada a ser feito por Willian
2019/10/11 09:40:29: Nada a ser feito por Willian
2019/10/11 09:42:33: Nada a ser feito por Willian
2019/10/11 09:42:43: Nada a ser feito por Willian
2019/10/11 09:42:45: Nada a ser feito por Willian
2019/10/11 09:42:46: Nada a ser feito por Willian
2019/10/11 09:48:37: O cliente: teste.123 não foi encontrado no MkAuth por Willian
2019/10/11 09:48:39: O cliente: willian.0382 ja esta liberado! por Willian
2019/10/11 09:48:41: Cliente willian.0382 bloqueado com sucesso por Willian
2019/10/11 09:50:54: O cliente: teste.123 não foi encontrado no MkAuth por Willian
2019/10/11 09:50:56: O cliente: willian.0382 ja esta liberado! por Willian
2019/10/11 09:50:57: Cliente willian.0382 bloqueado com sucesso por Willian
2019/10/11 10:06:39: O cliente: teste.123 não foi encontrado no MkAuth por Willian
2019/10/11 10:06:40: O cliente: willian.0382 ja esta liberado! por Willian
2019/10/11 10:06:42: Cliente willian.0382 bloqueado com sucesso por Willian
2019/10/11 10:07:27: O cliente: teste.123 não foi encontrado no MkAuth por Willian
2019/10/11 10:07:30: O cliente: willian.0382 ja esta liberado! por Willian
2019/10/11 10:07:32: Cliente willian.0382 bloqueado com sucesso por Willian
2019/10/11 10:07:33: Cliente willian.0382 liberado com sucesso por Willian
2019/10/11 10:07:35: O cliente: teste.123 não foi encontrado no MkAuth por Willian
2019/10/11 10:07:36: O cliente: teste.123 não foi encontrado no MkAuth por Willian
2019/10/11 10:07:38: teste.123 foi reiniciado por Willian
2019/10/11 10:07:40: Cliente valdenir.0043 liberado com sucesso por Willian
2019/10/11 10:07:42: Cliente valdenir.0043 bloqueado com sucesso por Willian
2019/10/11 10:17:45: Cliente luciana.7044 liberado com sucesso por Willian
2019/10/11 10:17:47: Cliente luciana.7044 bloqueado com sucesso por Willian
2019/10/11 10:59:42: O cliente: teste.123 não foi encontrado no MkAuth por Willian
2019/10/11 11:01:11: O cliente: teste.123 não foi encontrado no MkAuth por Willian
2019/10/11 11:01:44: O cliente: teste.123 não foi encontrado no MkAuth por Willian
2019/10/11 11:05:56: O cliente: teste.123 não foi encontrado no MkAuth por Willian
2019/10/11 11:06:29: O cliente: teste.123 não foi encontrado no MkAuth por Willian
2019/10/11 11:08:07: O cliente: teste.123 não foi encontrado no MkAuth por Willian
